SF:C:\projects\github\Jolly.Vigesimal\Jolly.Vigesimal\Vigesimal.cs
FN:14,System.String Jolly.Vigesimal.Vigesimal::get_Value()
FNDA:27,System.String Jolly.Vigesimal.Vigesimal::get_Value()
DA:15,27
FN:15,System.Int32 Jolly.Vigesimal.Vigesimal::get_IntValue()
FNDA:114,System.Int32 Jolly.Vigesimal.Vigesimal::get_IntValue()
DA:16,114
FN:53,System.String Jolly.Vigesimal.Vigesimal::ToString()
FNDA:1,System.String Jolly.Vigesimal.Vigesimal::ToString()
DA:54,1
FN:56,System.Boolean Jolly.Vigesimal.Vigesimal::Equals(System.Object)
FNDA:11,System.Boolean Jolly.Vigesimal.Vigesimal::Equals(System.Object)
DA:57,11
DA:58,12
DA:59,11
DA:60,9
DA:61,11
BRDA:58,7,0,1
BRDA:58,7,1,10
BRDA:59,19,0,9
BRDA:59,19,1,1
BRDA:59,37,0,1
BRDA:59,37,1,9
FN:62,System.Int32 Jolly.Vigesimal.Vigesimal::GetHashCode()
FNDA:1,System.Int32 Jolly.Vigesimal.Vigesimal::GetHashCode()
DA:63,1
FN:64,System.Boolean Jolly.Vigesimal.Vigesimal::op_Equality(Jolly.Vigesimal.Vigesimal,Jolly.Vigesimal.Vigesimal)
FNDA:9,System.Boolean Jolly.Vigesimal.Vigesimal::op_Equality(Jolly.Vigesimal.Vigesimal,Jolly.Vigesimal.Vigesimal)
DA:65,9
FN:66,System.Boolean Jolly.Vigesimal.Vigesimal::op_Inequality(Jolly.Vigesimal.Vigesimal,Jolly.Vigesimal.Vigesimal)
FNDA:1,System.Boolean Jolly.Vigesimal.Vigesimal::op_Inequality(Jolly.Vigesimal.Vigesimal,Jolly.Vigesimal.Vigesimal)
DA:67,1
FN:18,System.Void Jolly.Vigesimal.Vigesimal::.ctor(System.Int32)
FNDA:7,System.Void Jolly.Vigesimal.Vigesimal::.ctor(System.Int32)
DA:19,7
DA:20,7
DA:21,7
DA:24,17
DA:25,17
DA:26,17
DA:27,17
DA:28,17
DA:30,7
DA:31,7
BRDA:28,51,1,17
BRDA:28,51,0,7
FN:33,System.Void Jolly.Vigesimal.Vigesimal::.ctor(System.String)
FNDA:15,System.Void Jolly.Vigesimal.Vigesimal::.ctor(System.String)
DA:34,15
DA:35,15
DA:37,15
DA:38,90
DA:39,30
DA:40,30
DA:42,30
DA:43,15
DA:45,15
DA:46,15
DA:48,15
DA:49,15
DA:50,15
DA:51,30
DA:52,15
BRDA:38,110,1,30
BRDA:42,53,0,15
BRDA:42,53,1,15
BRDA:38,110,0,15
FN:6,System.Void Jolly.Vigesimal.Vigesimal::.cctor()
FNDA:1,System.Void Jolly.Vigesimal.Vigesimal::.cctor()
DA:7,1
DA:9,1
DA:10,1
DA:11,1
LF:40
LH:40
BRF:12
BRH:12
FNF:10
FNH:10
end_of_record
SF:C:\Users\alanp\.nuget\packages\microsoft.net.test.sdk\16.2.0\build\netcoreapp1.0\Microsoft.NET.Test.Sdk.Program.cs
FN:3,System.Void AutoGeneratedProgram::Main(System.String[])
FNDA:0,System.Void AutoGeneratedProgram::Main(System.String[])
DA:4,0
LF:1
LH:0
BRF:0
BRH:0
FNF:1
FNH:0
end_of_record
SF:C:\projects\github\Jolly.Vigesimal\Jolly.Vigesimal.Tests\EqualityTests.cs
FN:9,System.Void Jolly.Vigesimal.Tests.EqualityTests::ObjectsWithSameValueShouldBeEqual(System.String,System.Int32)
FNDA:4,System.Void Jolly.Vigesimal.Tests.EqualityTests::ObjectsWithSameValueShouldBeEqual(System.String,System.Int32)
DA:10,4
DA:11,4
DA:12,4
DA:15,4
DA:16,4
DA:19,4
DA:20,4
DA:21,4
FN:25,System.Void Jolly.Vigesimal.Tests.EqualityTests::ObjectsWithDifferentValueNotEqual(System.String,System.String)
FNDA:1,System.Void Jolly.Vigesimal.Tests.EqualityTests::ObjectsWithDifferentValueNotEqual(System.String,System.String)
DA:26,1
DA:27,1
DA:28,1
DA:30,1
DA:31,1
FN:34,System.Void Jolly.Vigesimal.Tests.EqualityTests::NotEqualToNull()
FNDA:1,System.Void Jolly.Vigesimal.Tests.EqualityTests::NotEqualToNull()
DA:35,1
DA:36,1
DA:37,1
DA:38,1
FN:41,System.Void Jolly.Vigesimal.Tests.EqualityTests::HashcodeMatchesIntValueHashcode()
FNDA:1,System.Void Jolly.Vigesimal.Tests.EqualityTests::HashcodeMatchesIntValueHashcode()
DA:42,1
DA:43,1
DA:44,1
DA:45,1
FN:48,System.Void Jolly.Vigesimal.Tests.EqualityTests::NotEqualToObjectOfDifferentType()
FNDA:1,System.Void Jolly.Vigesimal.Tests.EqualityTests::NotEqualToObjectOfDifferentType()
DA:49,1
DA:50,1
DA:51,1
DA:53,1
DA:54,1
LF:26
LH:26
BRF:0
BRH:0
FNF:5
FNH:5
end_of_record
SF:C:\projects\github\Jolly.Vigesimal\Jolly.Vigesimal.Tests\TestData.cs
FN:15,System.Collections.IEnumerator Jolly.Vigesimal.Tests.TestData::System.Collections.IEnumerable.GetEnumerator()
FNDA:0,System.Collections.IEnumerator Jolly.Vigesimal.Tests.TestData::System.Collections.IEnumerable.GetEnumerator()
DA:16,0
FN:8,System.Boolean Jolly.Vigesimal.Tests.TestData/<GetEnumerator>d__0::MoveNext()
FNDA:3,System.Boolean Jolly.Vigesimal.Tests.TestData/<GetEnumerator>d__0::MoveNext()
DA:9,3
DA:10,3
DA:11,3
DA:12,3
DA:13,3
DA:14,3
LF:7
LH:6
BRF:0
BRH:0
FNF:2
FNH:1
end_of_record
SF:C:\projects\github\Jolly.Vigesimal\Jolly.Vigesimal.Tests\ValueTests.cs
FN:9,System.Void Jolly.Vigesimal.Tests.ValueTests::HasCorrectValueWhenConstructedFromInt(System.String,System.Int32)
FNDA:4,System.Void Jolly.Vigesimal.Tests.ValueTests::HasCorrectValueWhenConstructedFromInt(System.String,System.Int32)
DA:10,4
DA:11,4
DA:12,4
DA:13,4
FN:17,System.Void Jolly.Vigesimal.Tests.ValueTests::HasCorrectValueWhenConstructedFromVigesimal(System.String,System.Int32)
FNDA:4,System.Void Jolly.Vigesimal.Tests.ValueTests::HasCorrectValueWhenConstructedFromVigesimal(System.String,System.Int32)
DA:18,4
DA:19,4
DA:20,4
DA:21,4
FN:24,System.Void Jolly.Vigesimal.Tests.ValueTests::TestToStringIsCorrect()
FNDA:1,System.Void Jolly.Vigesimal.Tests.ValueTests::TestToStringIsCorrect()
DA:25,1
DA:26,1
DA:27,1
DA:28,1
LF:12
LH:12
BRF:0
BRH:0
FNF:3
FNH:3
end_of_record